INFO:  latexindent.exe version 3.23.3, 2023-10-13, a script to indent .tex files
       latexindent.exe lives here: C:/texlive/2023/bin/windows/
       Tue Dec 12 15:16:02 2023
       Filename: c:/Users/m_bla/Desktop/Code_Poly/LOG6307/log6307-final-project/report/sections/__latexindent_temp_02-related-work.tex
INFO:  Processing switches:
       -y|--yaml: YAML settings specified via command line
       -c|--cruft: cruft directory
INFO:  Directory for backup files and c:/Users/m_bla/Desktop/Code_Poly/LOG6307/log6307-final-project/report//indent.log:
       c:/Users/m_bla/Desktop/Code_Poly/LOG6307/log6307-final-project/report/
INFO:  YAML settings read: defaultSettings.yaml
       Reading defaultSettings.yaml from C:/texlive/2023/bin/windows/defaultSettings.yaml
       Reading defaultSettings.yaml (2nd attempt) from C:/texlive/2023/bin/windows/../../texmf-dist/scripts/latexindent/defaultSettings.yaml
       and then, if necessary, C:/texlive/2023/bin/windows/LatexIndent/defaultSettings.yaml
INFO:  YAML reading settings
       Home directory is C:\Users\m_bla
       latexindent.pl didn't find indentconfig.yaml or .indentconfig.yaml
       see all possible locations: https://latexindentpl.readthedocs.io/en/latest/sec-appendices.html#indentconfig-options)
INFO:  YAML settings read: -y switch
       YAML setting: defaultIndent:'  '
       single-quoted string found in -y switch: '  ', substitute to   
       Updating mainSettings with defaultIndent:   
INFO:  Phase 1: searching for objects
INFO:  Phase 2: finding surrounding indentation
INFO:  Phase 3: indenting objects
INFO:  Phase 4: final indentation check
INFO:  Output routine:
       Not outputting to file; see -w and -o switches for more options.
       --------------
INFO:  Please direct all communication/issues to:
        https://github.com/cmhughes/latexindent.pl
