This is pdfTeX, Version 3.141592653-2.6-1.40.25 (TeX Live 2023) (preloaded format=pdflatex 2023.10.26)  27 OCT 2023 19:58
entering extended mode
 restricted \write18 enabled.
 file:line:error style messages enabled.
 %&-line parsing enabled.
**c:/Users/m_bla/Desktop/Code_Poly/LOG6307/log6307e-replication-project/report/report-t.tex
(c:/Users/m_bla/Desktop/Code_Poly/LOG6307/log6307e-replication-project/report/report-t.tex
LaTeX2e <2023-06-01> patch level 1
L3 programming layer <2023-10-23>
(./IEEEtran.cls
Document Class: IEEEtran 2015/08/26 V1.8b by Michael Shell
-- See the "IEEEtran_HOWTO" manual for usage information.
-- http://www.michaelshell.org/tex/ieeetran/
\@IEEEtrantmpdimenA=\dimen140
\@IEEEtrantmpdimenB=\dimen141
\@IEEEtrantmpdimenC=\dimen142
\@IEEEtrantmpcountA=\count186
\@IEEEtrantmpcountB=\count187
\@IEEEtrantmpcountC=\count188
\@IEEEtrantmptoksA=\toks17
LaTeX Font Info:    Trying to load font information for OT1+ptm on input line 503.
(c:/texlive/2023/texmf-dist/tex/latex/psnfss/ot1ptm.fd
File: ot1ptm.fd 2001/06/04 font definitions for OT1/ptm.
)
-- Using 8.5in x 11in (letter) paper.
-- Using PDF output.
\@IEEEnormalsizeunitybaselineskip=\dimen143
-- This is a 10 point document.
\CLASSINFOnormalsizebaselineskip=\dimen144
\CLASSINFOnormalsizeunitybaselineskip=\dimen145
\IEEEnormaljot=\dimen146
LaTeX Font Info:    Font shape `OT1/ptm/bx/n' in size <5> not available
(Font)              Font shape `OT1/ptm/b/n' tried instead on input line 1090.
LaTeX Font Info:    Font shape `OT1/ptm/bx/it' in size <5> not available
(Font)              Font shape `OT1/ptm/b/it' tried instead on input line 1090.
LaTeX Font Info:    Font shape `OT1/ptm/bx/n' in size <7> not available
(Font)              Font shape `OT1/ptm/b/n' tried instead on input line 1090.
LaTeX Font Info:    Font shape `OT1/ptm/bx/it' in size <7> not available
(Font)              Font shape `OT1/ptm/b/it' tried instead on input line 1090.
LaTeX Font Info:    Font shape `OT1/ptm/bx/n' in size <8> not available
(Font)              Font shape `OT1/ptm/b/n' tried instead on input line 1090.
LaTeX Font Info:    Font shape `OT1/ptm/bx/it' in size <8> not available
(Font)              Font shape `OT1/ptm/b/it' tried instead on input line 1090.
LaTeX Font Info:    Font shape `OT1/ptm/bx/n' in size <9> not available
(Font)              Font shape `OT1/ptm/b/n' tried instead on input line 1090.
LaTeX Font Info:    Font shape `OT1/ptm/bx/it' in size <9> not available
(Font)              Font shape `OT1/ptm/b/it' tried instead on input line 1090.
LaTeX Font Info:    Font shape `OT1/ptm/bx/n' in size <10> not available
(Font)              Font shape `OT1/ptm/b/n' tried instead on input line 1090.
LaTeX Font Info:    Font shape `OT1/ptm/bx/it' in size <10> not available
(Font)              Font shape `OT1/ptm/b/it' tried instead on input line 1090.
LaTeX Font Info:    Font shape `OT1/ptm/bx/n' in size <11> not available
(Font)              Font shape `OT1/ptm/b/n' tried instead on input line 1090.
LaTeX Font Info:    Font shape `OT1/ptm/bx/it' in size <11> not available
(Font)              Font shape `OT1/ptm/b/it' tried instead on input line 1090.
LaTeX Font Info:    Font shape `OT1/ptm/bx/n' in size <12> not available
(Font)              Font shape `OT1/ptm/b/n' tried instead on input line 1090.
LaTeX Font Info:    Font shape `OT1/ptm/bx/it' in size <12> not available
(Font)              Font shape `OT1/ptm/b/it' tried instead on input line 1090.
LaTeX Font Info:    Font shape `OT1/ptm/bx/n' in size <17> not available
(Font)              Font shape `OT1/ptm/b/n' tried instead on input line 1090.
LaTeX Font Info:    Font shape `OT1/ptm/bx/it' in size <17> not available
(Font)              Font shape `OT1/ptm/b/it' tried instead on input line 1090.
LaTeX Font Info:    Font shape `OT1/ptm/bx/n' in size <20> not available
(Font)              Font shape `OT1/ptm/b/n' tried instead on input line 1090.
LaTeX Font Info:    Font shape `OT1/ptm/bx/it' in size <20> not available
(Font)              Font shape `OT1/ptm/b/it' tried instead on input line 1090.
LaTeX Font Info:    Font shape `OT1/ptm/bx/n' in size <24> not available
(Font)              Font shape `OT1/ptm/b/n' tried instead on input line 1090.
LaTeX Font Info:    Font shape `OT1/ptm/bx/it' in size <24> not available
(Font)              Font shape `OT1/ptm/b/it' tried instead on input line 1090.
\IEEEquantizedlength=\dimen147
\IEEEquantizedlengthdiff=\dimen148
\IEEEquantizedtextheightdiff=\dimen149
\IEEEilabelindentA=\dimen150
\IEEEilabelindentB=\dimen151
\IEEEilabelindent=\dimen152
\IEEEelabelindent=\dimen153
\IEEEdlabelindent=\dimen154
\IEEElabelindent=\dimen155
\IEEEiednormlabelsep=\dimen156
\IEEEiedmathlabelsep=\dimen157
\IEEEiedtopsep=\skip48
\c@section=\count189
\c@subsection=\count190
\c@subsubsection=\count191
\c@paragraph=\count192
\c@IEEEsubequation=\count193
\abovecaptionskip=\skip49
\belowcaptionskip=\skip50
\c@figure=\count194
\c@table=\count195
\@IEEEeqnnumcols=\count196
\@IEEEeqncolcnt=\count197
\@IEEEsubeqnnumrollback=\count198
\@IEEEquantizeheightA=\dimen158
\@IEEEquantizeheightB=\dimen159
\@IEEEquantizeheightC=\dimen160
\@IEEEquantizeprevdepth=\dimen161
\@IEEEquantizemultiple=\count199
\@IEEEquantizeboxA=\box51
\@IEEEtmpitemindent=\dimen162
\IEEEPARstartletwidth=\dimen163
\c@IEEEbiography=\count266
\@IEEEtranrubishbin=\box52
)
** ATTENTION: Overriding command lockouts (line 2).
(c:/texlive/2023/texmf-dist/tex/latex/cite/cite.sty
LaTeX Info: Redefining \cite on input line 302.
LaTeX Info: Redefining \nocite on input line 332.
Package: cite 2015/02/27  v 5.5
) (c:/texlive/2023/texmf-dist/tex/latex/amsmath/amsmath.sty
Package: amsmath 2023/05/13 v2.17o AMS math features
\@mathmargin=\skip51

For additional information on amsmath, use the `?' option.
(c:/texlive/2023/texmf-dist/tex/latex/amsmath/amstext.sty
Package: amstext 2021/08/26 v2.01 AMS text
 (c:/texlive/2023/texmf-dist/tex/latex/amsmath/amsgen.sty
File: amsgen.sty 1999/11/30 v2.0 generic functions
\@emptytoks=\toks18
\ex@=\dimen164
)) (c:/texlive/2023/texmf-dist/tex/latex/amsmath/amsbsy.sty
Package: amsbsy 1999/11/29 v1.2d Bold Symbols
\pmbraise@=\dimen165
) (c:/texlive/2023/texmf-dist/tex/latex/amsmath/amsopn.sty
Package: amsopn 2022/04/08 v2.04 operator names
)
\inf@bad=\count267
LaTeX Info: Redefining \frac on input line 234.
\uproot@=\count268
\leftroot@=\count269
LaTeX Info: Redefining \overline on input line 399.
LaTeX Info: Redefining \colon on input line 410.
\classnum@=\count270
\DOTSCASE@=\count271
LaTeX Info: Redefining \ldots on input line 496.
LaTeX Info: Redefining \dots on input line 499.
LaTeX Info: Redefining \cdots on input line 620.
\Mathstrutbox@=\box53
\strutbox@=\box54
LaTeX Info: Redefining \big on input line 722.
LaTeX Info: Redefining \Big on input line 723.
LaTeX Info: Redefining \bigg on input line 724.
LaTeX Info: Redefining \Bigg on input line 725.
\big@size=\dimen166
LaTeX Font Info:    Redeclaring font encoding OML on input line 743.
LaTeX Font Info:    Redeclaring font encoding OMS on input line 744.
\macc@depth=\count272
LaTeX Info: Redefining \bmod on input line 905.
LaTeX Info: Redefining \pmod on input line 910.
LaTeX Info: Redefining \smash on input line 940.
LaTeX Info: Redefining \relbar on input line 970.
LaTeX Info: Redefining \Relbar on input line 971.
\c@MaxMatrixCols=\count273
\dotsspace@=\muskip16
\c@parentequation=\count274
\dspbrk@lvl=\count275
\tag@help=\toks19
\row@=\count276
\column@=\count277
\maxfields@=\count278
\andhelp@=\toks20
\eqnshift@=\dimen167
\alignsep@=\dimen168
\tagshift@=\dimen169
\tagwidth@=\dimen170
\totwidth@=\dimen171
\lineht@=\dimen172
\@envbody=\toks21
\multlinegap=\skip52
\multlinetaggap=\skip53
\mathdisplay@stack=\toks22
LaTeX Info: Redefining \[ on input line 2953.
LaTeX Info: Redefining \] on input line 2954.
) (c:/texlive/2023/texmf-dist/tex/latex/amsfonts/amssymb.sty
Package: amssymb 2013/01/14 v3.01 AMS font symbols
 (c:/texlive/2023/texmf-dist/tex/latex/amsfonts/amsfonts.sty
Package: amsfonts 2013/01/14 v3.01 Basic AMSFonts support
\symAMSa=\mathgroup4
\symAMSb=\mathgroup5
LaTeX Font Info:    Redeclaring math symbol \hbar on input line 98.
LaTeX Font Info:    Overwriting math alphabet `\mathfrak' in version `bold'
(Font)                  U/euf/m/n --> U/euf/b/n on input line 106.
)) (c:/texlive/2023/texmf-dist/tex/latex/algorithms/algorithmic.sty
Package: algorithmic 2009/08/24 v0.1 Document Style `algorithmic'
 (c:/texlive/2023/texmf-dist/tex/latex/base/ifthen.sty
Package: ifthen 2022/04/13 v1.1d Standard LaTeX ifthen package (DPC)
) (c:/texlive/2023/texmf-dist/tex/latex/graphics/keyval.sty
Package: keyval 2022/05/29 v1.15 key=value parser (DPC)
\KV@toks@=\toks23
)
\c@ALC@unique=\count279
\c@ALC@line=\count280
\c@ALC@rem=\count281
\c@ALC@depth=\count282
\ALC@tlm=\skip54
\algorithmicindent=\skip55
) (c:/texlive/2023/texmf-dist/tex/latex/graphics/graphicx.sty
Package: graphicx 2021/09/16 v1.2d Enhanced LaTeX Graphics (DPC,SPQR)
 (c:/texlive/2023/texmf-dist/tex/latex/graphics/graphics.sty
Package: graphics 2022/03/10 v1.4e Standard LaTeX Graphics (DPC,SPQR)
 (c:/texlive/2023/texmf-dist/tex/latex/graphics/trig.sty
Package: trig 2021/08/11 v1.11 sin cos tan (DPC)
) (c:/texlive/2023/texmf-dist/tex/latex/graphics-cfg/graphics.cfg
File: graphics.cfg 2016/06/04 v1.11 sample graphics configuration
)
Package graphics Info: Driver file: pdftex.def on input line 107.
 (c:/texlive/2023/texmf-dist/tex/latex/graphics-def/pdftex.def
File: pdftex.def 2022/09/22 v1.2b Graphics/color driver for pdftex
))
\Gin@req@height=\dimen173
\Gin@req@width=\dimen174
) (c:/texlive/2023/texmf-dist/tex/latex/base/textcomp.sty
Package: textcomp 2020/02/02 v2.0n Standard LaTeX package
) (c:/texlive/2023/texmf-dist/tex/latex/xcolor/xcolor.sty
Package: xcolor 2022/06/12 v2.14 LaTeX color extensions (UK)
 (c:/texlive/2023/texmf-dist/tex/latex/graphics-cfg/color.cfg
File: color.cfg 2016/01/02 v1.6 sample color configuration
)
Package xcolor Info: Driver file: pdftex.def on input line 227.
 (c:/texlive/2023/texmf-dist/tex/latex/graphics/mathcolor.ltx)
Package xcolor Info: Model `cmy' substituted by `cmy0' on input line 1353.
Package xcolor Info: Model `hsb' substituted by `rgb' on input line 1357.
Package xcolor Info: Model `RGB' extended on input line 1369.
Package xcolor Info: Model `HTML' substituted by `rgb' on input line 1371.
Package xcolor Info: Model `Hsb' substituted by `hsb' on input line 1372.
Package xcolor Info: Model `tHsb' substituted by `hsb' on input line 1373.
Package xcolor Info: Model `HSB' substituted by `hsb' on input line 1374.
Package xcolor Info: Model `Gray' substituted by `gray' on input line 1375.
Package xcolor Info: Model `wave' substituted by `hsb' on input line 1376.
) (c:/texlive/2023/texmf-dist/tex/latex/tools/tabularx.sty
Package: tabularx 2020/01/15 v2.11c `tabularx' package (DPC)
 (c:/texlive/2023/texmf-dist/tex/latex/tools/array.sty
Package: array 2022/09/04 v2.5g Tabular extension package (FMi)
\col@sep=\dimen175
\ar@mcellbox=\box55
\extrarowheight=\dimen176
\NC@list=\toks24
\extratabsurround=\skip56
\backup@length=\skip57
\ar@cellbox=\box56
)
\TX@col@width=\dimen177
\TX@old@table=\dimen178
\TX@old@col=\dimen179
\TX@target=\dimen180
\TX@delta=\dimen181
\TX@cols=\count283
\TX@ftn=\toks25
) (c:/texlive/2023/texmf-dist/tex/latex/import/import.sty
Package: import 2020/04/01  v 6.2
) (c:/texlive/2023/texmf-dist/tex/latex/l3backend/l3backend-pdftex.def
File: l3backend-pdftex.def 2023-10-23 L3 backend support: PDF output (pdfTeX)
\l__color_backend_stack_int=\count284
\l__pdf_internal_box=\box57
) (./report-t.aux)
\openout1 = `report-t.aux'.

LaTeX Font Info:    Checking defaults for OML/cmm/m/it on input line 14.
LaTeX Font Info:    ... okay on input line 14.
LaTeX Font Info:    Checking defaults for OMS/cmsy/m/n on input line 14.
LaTeX Font Info:    ... okay on input line 14.
LaTeX Font Info:    Checking defaults for OT1/cmr/m/n on input line 14.
LaTeX Font Info:    ... okay on input line 14.
LaTeX Font Info:    Checking defaults for T1/cmr/m/n on input line 14.
LaTeX Font Info:    ... okay on input line 14.
LaTeX Font Info:    Checking defaults for TS1/cmr/m/n on input line 14.
LaTeX Font Info:    ... okay on input line 14.
LaTeX Font Info:    Checking defaults for OMX/cmex/m/n on input line 14.
LaTeX Font Info:    ... okay on input line 14.
LaTeX Font Info:    Checking defaults for U/cmr/m/n on input line 14.
LaTeX Font Info:    ... okay on input line 14.

-- Lines per column: 56 (exact).
(c:/texlive/2023/texmf-dist/tex/context/base/mkii/supp-pdf.mkii
[Loading MPS to PDF converter (version 2006.09.02).]
\scratchcounter=\count285
\scratchdimen=\dimen182
\scratchbox=\box58
\nofMPsegments=\count286
\nofMParguments=\count287
\everyMPshowfont=\toks26
\MPscratchCnt=\count288
\MPscratchDim=\dimen183
\MPnumerator=\count289
\makeMPintoPDFobject=\count290
\everyMPtoPDFconversion=\toks27
) (c:/texlive/2023/texmf-dist/tex/latex/epstopdf-pkg/epstopdf-base.sty
Package: epstopdf-base 2020-01-24 v2.11 Base part for package epstopdf
Package epstopdf-base Info: Redefining graphics rule for `.eps' on input line 485.
 (c:/texlive/2023/texmf-dist/tex/latex/latexconfig/epstopdf-sys.cfg
File: epstopdf-sys.cfg 2010/07/13 v1.3 Configuration of (r)epstopdf for TeX Live
)) (./sections/01-problem-statement.tex) (./sections/02-research-questions.tex) (./sections/03-approach.tex [1{c:/texlive/2023/texmf-var/fonts/map/pdftex/updmap/pdftex.map}{c:/texlive/2023/texmf-dist/fonts/enc/dvips/base/8r.enc}


]
LaTeX Font Info:    Trying to load font information for OT1+pcr on input line 8.
 (c:/texlive/2023/texmf-dist/tex/latex/psnfss/ot1pcr.fd
File: ot1pcr.fd 2001/06/04 font definitions for OT1/pcr.
)
Underfull \hbox (badness 10000) in paragraph at lines 25--27

 []


Underfull \hbox (badness 10000) in paragraph at lines 40--41

 []


Underfull \hbox (badness 10000) in paragraph at lines 43--44

 []


Underfull \hbox (badness 10000) in paragraph at lines 51--52

 []

LaTeX Font Info:    Trying to load font information for U+msa on input line 55.
(c:/texlive/2023/texmf-dist/tex/latex/amsfonts/umsa.fd
File: umsa.fd 2013/01/14 v3.01 AMS symbols A
)
LaTeX Font Info:    Trying to load font information for U+msb on input line 55.
 (c:/texlive/2023/texmf-dist/tex/latex/amsfonts/umsb.fd
File: umsb.fd 2013/01/14 v3.01 AMS symbols B
)
Underfull \hbox (badness 10000) in paragraph at lines 54--62

 []


Underfull \hbox (badness 10000) in paragraph at lines 69--74

 []

[2]
Underfull \hbox (badness 10000) in paragraph at lines 75--80

 []

) (./sections/04-results.tex

LaTeX Warning: `h' float specifier changed to `ht'.


LaTeX Warning: `h' float specifier changed to `ht'.


LaTeX Warning: `h' float specifier changed to `ht'.


Underfull \hbox (badness 10000) in paragraph at lines 81--86

 []


Overfull \hbox (10.56766pt too wide) in paragraph at lines 103--111
 [][] 
 []


LaTeX Warning: `h' float specifier changed to `ht'.


Overfull \hbox (10.56766pt too wide) in paragraph at lines 117--125
 [][] 
 []


LaTeX Warning: `h' float specifier changed to `ht'.


Overfull \hbox (10.56766pt too wide) in paragraph at lines 131--139
 [][] 
 []


LaTeX Warning: `h' float specifier changed to `ht'.


Overfull \hbox (10.56766pt too wide) in paragraph at lines 145--153
 [][] 
 []


LaTeX Warning: `h' float specifier changed to `ht'.

[3]) (./sections/05-conclusion.tex)

** Conference Paper **
Before submitting the final camera ready copy, remember to:

 1. Manually equalize the lengths of two columns on the last page
 of your paper;

 2. Ensure that any PostScript and/or PDF output post-processing
 uses only Type 1 fonts and that every step in the generation
 process uses the appropriate paper size.

[4] (./report-t.aux)
 ***********
LaTeX2e <2023-06-01> patch level 1
L3 programming layer <2023-10-23>
 ***********
 ) 
Here is how much of TeX's memory you used:
 4410 strings out of 474397
 68166 string characters out of 5754184
 1958036 words of memory out of 5000000
 26422 multiletter control sequences out of 15000+600000
 598244 words of font info for 112 fonts, out of 8000000 for 9000
 1141 hyphenation exceptions out of 8191
 57i,9n,65p,896b,261s stack positions out of 10000i,1000n,20000p,200000b,200000s
<c:/texlive/2023/texmf-dist/fonts/type1/public/amsfonts/cm/cmmi10.pfb><c:/texlive/2023/texmf-dist/fonts/type1/public/amsfonts/cm/cmmi8.pfb><c:/texlive/2023/texmf-dist/fonts/type1/public/amsfonts/cm/cmr10.pfb><c:/texlive/2023/texmf-dist/fonts/type1/public/amsfonts/cm/cmr8.pfb><c:/texlive/2023/texmf-dist/fonts/type1/public/amsfonts/cm/cmsy10.pfb><c:/texlive/2023/texmf-dist/fonts/type1/public/amsfonts/cm/cmsy7.pfb><c:/texlive/2023/texmf-dist/fonts/type1/public/amsfonts/cm/cmsy8.pfb><c:/texlive/2023/texmf-dist/fonts/type1/public/amsfonts/symbols/msbm10.pfb><c:/texlive/2023/texmf-dist/fonts/type1/urw/courier/ucrr8a.pfb><c:/texlive/2023/texmf-dist/fonts/type1/urw/times/utmb8a.pfb><c:/texlive/2023/texmf-dist/fonts/type1/urw/times/utmbi8a.pfb><c:/texlive/2023/texmf-dist/fonts/type1/urw/times/utmr8a.pfb><c:/texlive/2023/texmf-dist/fonts/type1/urw/times/utmri8a.pfb>
Output written on report-t.pdf (4 pages, 162051 bytes).
PDF statistics:
 83 PDF objects out of 1000 (max. 8388607)
 50 compressed objects within 1 object stream
 0 named destinations out of 1000 (max. 500000)
 1 words of extra memory for PDF output out of 10000 (max. 10000000)

